Using pre-set license
Built from '2020.3/staging' branch; Version is '2020.3.16f1 (049d6eca3c44) revision 302446'; Using compiler version '192528614'; Build Type 'Release'
OS: 'Windows 10 Education; OS build 19042.1706; Version 2009; 64bit' Language: 'ko' Physical Memory: 16187 MB
BatchMode: 1, IsHumanControllingUs: 0, StartBugReporterOnCrash: 0, Is64bit: 1, IsPro: 0

 COMMAND LINE ARGUMENTS:
C:\Program Files\Unity\Hub\Editor\2020.3.16f1\Editor\Unity.exe
-adb2
-batchMode
-noUpm
-name
AssetImportWorker0
-projectPath
C:/Users/user/Documents/GitHub/UnityGameStudy/MiniRPG
-logFile
Logs/AssetImportWorker0.log
-srvPort
61990
Successfully changed project path to: C:/Users/user/Documents/GitHub/UnityGameStudy/MiniRPG
C:/Users/user/Documents/GitHub/UnityGameStudy/MiniRPG
Using Asset Import Pipeline V2.
Refreshing native plugins compatible for Editor in 46.91 ms, found 2 plugins.
Preloading 0 native plugins for Editor in 0.00 ms.
Initialize engine version: 2020.3.16f1 (049d6eca3c44)
[Subsystems] Discovering subsystems at path C:/Program Files/Unity/Hub/Editor/2020.3.16f1/Editor/Data/Resources/UnitySubsystems
[Subsystems] Discovering subsystems at path C:/Users/user/Documents/GitHub/UnityGameStudy/MiniRPG/Assets
GfxDevice: creating device client; threaded=0
Direct3D:
    Version:  Direct3D 11.0 [level 11.1]
    Renderer: NVIDIA GeForce GTX 1660 Ti (ID=0x2191)
    Vendor:   
    VRAM:     5991 MB
    Driver:   27.21.14.5763
Initialize mono
Mono path[0] = 'C:/Program Files/Unity/Hub/Editor/2020.3.16f1/Editor/Data/Managed'
Mono path[1] = 'C:/Program Files/Unity/Hub/Editor/2020.3.16f1/Editor/Data/MonoBleedingEdge/lib/mono/unityjit'
Mono config path = 'C:/Program Files/Unity/Hub/Editor/2020.3.16f1/Editor/Data/MonoBleedingEdge/etc'
Using monoOptions --debugger-agent=transport=dt_socket,embedding=1,server=y,suspend=n,address=127.0.0.1:56608
Begin MonoManager ReloadAssembly
Registering precompiled unity dll's ...
Register platform support module: C:/Program Files/Unity/Hub/Editor/2020.3.16f1/Editor/Data/PlaybackEngines/WebGLSupport/UnityEditor.WebGL.Extensions.dll
Register platform support module: C:/Program Files/Unity/Hub/Editor/2020.3.16f1/Editor/Data/PlaybackEngines/WindowsStandaloneSupport/UnityEditor.WindowsStandalone.Extensions.dll
Registered in 0.003881 seconds.
Native extension for WindowsStandalone target not found
Native extension for WebGL target not found
Refreshing native plugins compatible for Editor in 50.58 ms, found 2 plugins.
Preloading 0 native plugins for Editor in 0.00 ms.
Mono: successfully reloaded assembly
- Completed reload, in  1.687 seconds
Domain Reload Profiling:
	ReloadAssembly (1687ms)
		BeginReloadAssembly (83ms)
			ExecutionOrderSort (0ms)
			DisableScriptedObjects (0ms)
			BackupInstance (0ms)
			ReleaseScriptingObjects (0ms)
			CreateAndSetChildDomain (1ms)
		EndReloadAssembly (522ms)
			LoadAssemblies (79ms)
			RebuildTransferFunctionScriptingTraits (0ms)
			SetupTypeCache (173ms)
			ReleaseScriptCaches (0ms)
			RebuildScriptCaches (45ms)
			SetupLoadedEditorAssemblies (218ms)
				LogAssemblyErrors (0ms)
				InitializePlatformSupportModulesInManaged (6ms)
				SetLoadedEditorAssemblies (0ms)
				RefreshPlugins (51ms)
				BeforeProcessingInitializeOnLoad (18ms)
				ProcessInitializeOnLoadAttributes (105ms)
				ProcessInitializeOnLoadMethodAttributes (36ms)
				AfterProcessingInitializeOnLoad (0ms)
				EditorAssembliesLoaded (0ms)
			ExecutionOrderSort2 (0ms)
			AwakeInstancesAfterBackupRestoration (0ms)
Platform modules already initialized, skipping
Registering precompiled user dll's ...
Registered in 0.005904 seconds.
Begin MonoManager ReloadAssembly
Native extension for WindowsStandalone target not found
Native extension for WebGL target not found
Refreshing native plugins compatible for Editor in 0.49 ms, found 2 plugins.
Preloading 0 native plugins for Editor in 0.00 ms.
Mono: successfully reloaded assembly
- Completed reload, in  1.449 seconds
Domain Reload Profiling:
	ReloadAssembly (1450ms)
		BeginReloadAssembly (173ms)
			ExecutionOrderSort (0ms)
			DisableScriptedObjects (6ms)
			BackupInstance (0ms)
			ReleaseScriptingObjects (0ms)
			CreateAndSetChildDomain (22ms)
		EndReloadAssembly (1196ms)
			LoadAssemblies (106ms)
			RebuildTransferFunctionScriptingTraits (0ms)
			SetupTypeCache (328ms)
			ReleaseScriptCaches (1ms)
			RebuildScriptCaches (75ms)
			SetupLoadedEditorAssemblies (544ms)
				LogAssemblyErrors (0ms)
				InitializePlatformSupportModulesInManaged (9ms)
				SetLoadedEditorAssemblies (1ms)
				RefreshPlugins (1ms)
				BeforeProcessingInitializeOnLoad (126ms)
				ProcessInitializeOnLoadAttributes (394ms)
				ProcessInitializeOnLoadMethodAttributes (5ms)
				AfterProcessingInitializeOnLoad (9ms)
				EditorAssembliesLoaded (0ms)
			ExecutionOrderSort2 (0ms)
			AwakeInstancesAfterBackupRestoration (10ms)
Platform modules already initialized, skipping
========================================================================
Worker process is ready to serve import requests
Launched and connected shader compiler UnityShaderCompiler.exe after 0.07 seconds
Refreshing native plugins compatible for Editor in 0.47 ms, found 2 plugins.
Preloading 0 native plugins for Editor in 0.00 ms.
Unloading 1470 Unused Serialized files (Serialized files now loaded: 0)
System memory in use before: 72.6 MB.
System memory in use after: 72.7 MB.

Unloading 18 unused Assets to reduce memory usage. Loaded Objects now: 1907.
Total: 4.182200 ms (FindLiveObjects: 0.213300 ms CreateObjectMapping: 0.045100 ms MarkObjects: 3.807700 ms  DeleteObjects: 0.114300 ms)

AssetImportParameters requested are different than current active one (requested -> active):
  custom:framework-win-MediaFoundation: 216162199b28c13a410421893ffa2e32 -> 
  custom:video-decoder-ogg-theora: a1e56fd34408186e4bbccfd4996cb3dc -> 
  custom:container-muxer-webm: aa71ff27fc2769a1b78a27578f13a17b -> 
  custom:container-demuxer-webm: 4f35f7cbe854078d1ac9338744f61a02 -> 
  custom:container-demuxer-ogg: 62fdf1f143b41e24485cea50d1cbac27 -> 
  custom:video-encoder-webm-vp8: eb34c28f22e8b96e1ab97ce403110664 -> 
  custom:video-decoder-webm-vp8: 9c59270c3fd7afecdb556c50c9e8de78 -> 
  custom:audio-decoder-ogg-vorbis: bf7c407c2cedff20999df2af8eb42d56 -> 
  custom:audio-encoder-webm-vorbis: bf7c407c2cedff20999df2af8eb42d56 -> 
========================================================================
Received Import Request.
  path: Assets/MedievalTownExteriors/Standard/Medieval Town Exteriors_2018.4.15_Standard.unitypackage
  artifactKey: Guid(64eb2140be423114a9b707a585fa71f7) Importer(815301076,1909f56bfc062723c751e8b465ee728b)
Start importing Assets/MedievalTownExteriors/Standard/Medieval Town Exteriors_2018.4.15_Standard.unitypackage using Guid(64eb2140be423114a9b707a585fa71f7) Importer(815301076,1909f56bfc062723c751e8b465ee728b)  -> (artifact id: 'a814cad3b48503e19552f030a67c4ead') in 0.050159 seconds 
  Import took 0.053452 seconds .

========================================================================
Received Import Request.
  Time since last request: 31.524482 seconds.
  path: Assets/MedievalTownExteriors/URP/Medieval Town Exteriors_2019.3.2_URP.unitypackage
  artifactKey: Guid(1ace7152dd4f3e148ac89615b57eef17) Importer(815301076,1909f56bfc062723c751e8b465ee728b)
Start importing Assets/MedievalTownExteriors/URP/Medieval Town Exteriors_2019.3.2_URP.unitypackage using Guid(1ace7152dd4f3e148ac89615b57eef17) Importer(815301076,1909f56bfc062723c751e8b465ee728b)  -> (artifact id: '624ea8765ab5f52d1a0bc4e60a4a21f0') in 0.013522 seconds 
  Import took 0.017209 seconds .

========================================================================
Received Prepare
Registering precompiled user dll's ...
Registered in 0.005358 seconds.
Begin MonoManager ReloadAssembly
Native extension for WindowsStandalone target not found
Native extension for WebGL target not found
Refreshing native plugins compatible for Editor in 0.49 ms, found 2 plugins.
Preloading 0 native plugins for Editor in 0.00 ms.
Mono: successfully reloaded assembly
- Completed reload, in  1.333 seconds
Domain Reload Profiling:
	ReloadAssembly (1334ms)
		BeginReloadAssembly (131ms)
			ExecutionOrderSort (0ms)
			DisableScriptedObjects (7ms)
			BackupInstance (0ms)
			ReleaseScriptingObjects (0ms)
			CreateAndSetChildDomain (41ms)
		EndReloadAssembly (1111ms)
			LoadAssemblies (102ms)
			RebuildTransferFunctionScriptingTraits (0ms)
			SetupTypeCache (347ms)
			ReleaseScriptCaches (1ms)
			RebuildScriptCaches (57ms)
			SetupLoadedEditorAssemblies (481ms)
				LogAssemblyErrors (0ms)
				InitializePlatformSupportModulesInManaged (8ms)
				SetLoadedEditorAssemblies (1ms)
				RefreshPlugins (1ms)
				BeforeProcessingInitializeOnLoad (98ms)
				ProcessInitializeOnLoadAttributes (359ms)
				ProcessInitializeOnLoadMethodAttributes (4ms)
				AfterProcessingInitializeOnLoad (10ms)
				EditorAssembliesLoaded (0ms)
			ExecutionOrderSort2 (0ms)
			AwakeInstancesAfterBackupRestoration (9ms)
Platform modules already initialized, skipping
Refreshing native plugins compatible for Editor in 0.73 ms, found 2 plugins.
Preloading 0 native plugins for Editor in 0.00 ms.
Unloading 1457 Unused Serialized files (Serialized files now loaded: 0)
System memory in use before: 75.1 MB.
System memory in use after: 75.2 MB.

Unloading 13 unused Assets to reduce memory usage. Loaded Objects now: 1914.
Total: 3.320700 ms (FindLiveObjects: 0.220600 ms CreateObjectMapping: 0.054800 ms MarkObjects: 3.021600 ms  DeleteObjects: 0.021900 ms)

AssetImportParameters requested are different than current active one (requested -> active):
  custom:framework-win-MediaFoundation: 216162199b28c13a410421893ffa2e32 -> 
  custom:video-decoder-ogg-theora: a1e56fd34408186e4bbccfd4996cb3dc -> 
  custom:container-muxer-webm: aa71ff27fc2769a1b78a27578f13a17b -> 
  custom:container-demuxer-webm: 4f35f7cbe854078d1ac9338744f61a02 -> 
  custom:container-demuxer-ogg: 62fdf1f143b41e24485cea50d1cbac27 -> 
  custom:video-encoder-webm-vp8: eb34c28f22e8b96e1ab97ce403110664 -> 
  custom:video-decoder-webm-vp8: 9c59270c3fd7afecdb556c50c9e8de78 -> 
  custom:audio-decoder-ogg-vorbis: bf7c407c2cedff20999df2af8eb42d56 -> 
  custom:audio-encoder-webm-vorbis: bf7c407c2cedff20999df2af8eb42d56 -> 
========================================================================
Received Import Request.
  Time since last request: 129.085115 seconds.
  path: Assets/Town/Terrain
  artifactKey: Guid(e19b8c444f4cee641b57d6b08489c906) Importer(815301076,1909f56bfc062723c751e8b465ee728b)
Start importing Assets/Town/Terrain using Guid(e19b8c444f4cee641b57d6b08489c906) Importer(815301076,1909f56bfc062723c751e8b465ee728b)  -> (artifact id: 'ba9d85d52bcdfdd14e8d0149b53451ac') in 0.016644 seconds 
  Import took 0.020917 seconds .

========================================================================
Received Import Request.
  Time since last request: 534.239902 seconds.
  path: Assets/Town/Models
  artifactKey: Guid(88834da1af9bdef4692624b749cadccc) Importer(815301076,1909f56bfc062723c751e8b465ee728b)
Start importing Assets/Town/Models using Guid(88834da1af9bdef4692624b749cadccc) Importer(815301076,1909f56bfc062723c751e8b465ee728b)  -> (artifact id: 'cddf0825cae463878ae468fe4835e40a') in 0.012290 seconds 
  Import took 0.015884 seconds .

========================================================================
Received Import Request.
  Time since last request: 0.001270 seconds.
  path: Assets/Town/Models
  artifactKey: Guid(88834da1af9bdef4692624b749cadccc) Importer(815301076,1909f56bfc062723c751e8b465ee728b)
Start importing Assets/Town/Models using Guid(88834da1af9bdef4692624b749cadccc) Importer(815301076,1909f56bfc062723c751e8b465ee728b)  -> (artifact id: 'cddf0825cae463878ae468fe4835e40a') in 0.006184 seconds 
  Import took 0.010638 seconds .

========================================================================
Received Import Request.
  Time since last request: 23.131370 seconds.
  path: Assets/Town/Scenes/Demo.unity
  artifactKey: Guid(e07f2e400a2d7164988fa11609016066) Importer(815301076,1909f56bfc062723c751e8b465ee728b)
Start importing Assets/Town/Scenes/Demo.unity using Guid(e07f2e400a2d7164988fa11609016066) Importer(815301076,1909f56bfc062723c751e8b465ee728b)  -> (artifact id: '9aa5f0236ee009da7dee35f761f63c45') in 0.023085 seconds 
  Import took 0.026284 seconds .

========================================================================
Received Import Request.
  Time since last request: 50.282756 seconds.
  path: Assets/Town/Scenes/Demo_Prefabs.unity
  artifactKey: Guid(cdbbb30d60e284b4fa4ca25d25ef8745) Importer(815301076,1909f56bfc062723c751e8b465ee728b)
Start importing Assets/Town/Scenes/Demo_Prefabs.unity using Guid(cdbbb30d60e284b4fa4ca25d25ef8745) Importer(815301076,1909f56bfc062723c751e8b465ee728b)  -> (artifact id: '7f449792fe5519f9eaaf8695998abeed') in 0.016332 seconds 
  Import took 0.019524 seconds .

========================================================================
Received Import Request.
  Time since last request: 27.137459 seconds.
  path: Assets/Town/Scenes/Demo
  artifactKey: Guid(5800d321e851e2542be4263cd19d3d1b) Importer(815301076,1909f56bfc062723c751e8b465ee728b)
Start importing Assets/Town/Scenes/Demo using Guid(5800d321e851e2542be4263cd19d3d1b) Importer(815301076,1909f56bfc062723c751e8b465ee728b)  -> (artifact id: '5b72278ba1f0d6a74ec866a2ce4b2d04') in 0.015083 seconds 
  Import took 0.018145 seconds .

========================================================================
Received Import Request.
  Time since last request: 0.007570 seconds.
  path: Assets/Town/Scenes/Demo
  artifactKey: Guid(5800d321e851e2542be4263cd19d3d1b) Importer(815301076,1909f56bfc062723c751e8b465ee728b)
Start importing Assets/Town/Scenes/Demo using Guid(5800d321e851e2542be4263cd19d3d1b) Importer(815301076,1909f56bfc062723c751e8b465ee728b)  -> (artifact id: '5b72278ba1f0d6a74ec866a2ce4b2d04') in 0.006328 seconds 
  Import took 0.010356 seconds .

========================================================================
Received Import Request.
  Time since last request: 8.162191 seconds.
  path: Assets/Town/Prefabs
  artifactKey: Guid(b9e409b6dbc6b8d4eb412e0f7e8c0be4) Importer(815301076,1909f56bfc062723c751e8b465ee728b)
Start importing Assets/Town/Prefabs using Guid(b9e409b6dbc6b8d4eb412e0f7e8c0be4) Importer(815301076,1909f56bfc062723c751e8b465ee728b)  -> (artifact id: '76a6ce5a81bfa97768535111a145d417') in 0.013697 seconds 
  Import took 0.017755 seconds .

========================================================================
Received Import Request.
  Time since last request: 0.001188 seconds.
  path: Assets/Town/Prefabs
  artifactKey: Guid(b9e409b6dbc6b8d4eb412e0f7e8c0be4) Importer(815301076,1909f56bfc062723c751e8b465ee728b)
Start importing Assets/Town/Prefabs using Guid(b9e409b6dbc6b8d4eb412e0f7e8c0be4) Importer(815301076,1909f56bfc062723c751e8b465ee728b)  -> (artifact id: '76a6ce5a81bfa97768535111a145d417') in 0.005830 seconds 
  Import took 0.009619 seconds .

========================================================================
Received Import Request.
  Time since last request: 2.228740 seconds.
  path: Assets/Town/Scenes
  artifactKey: Guid(1bdbcb354a78a6d40b4a11cab9bae8db) Importer(815301076,1909f56bfc062723c751e8b465ee728b)
Start importing Assets/Town/Scenes using Guid(1bdbcb354a78a6d40b4a11cab9bae8db) Importer(815301076,1909f56bfc062723c751e8b465ee728b)  -> (artifact id: 'fb450b45e016ff1124515c40dcc63709') in 0.012575 seconds 
  Import took 0.016209 seconds .

========================================================================
Received Import Request.
  Time since last request: 0.000997 seconds.
  path: Assets/Town/Scenes
  artifactKey: Guid(1bdbcb354a78a6d40b4a11cab9bae8db) Importer(815301076,1909f56bfc062723c751e8b465ee728b)
Start importing Assets/Town/Scenes using Guid(1bdbcb354a78a6d40b4a11cab9bae8db) Importer(815301076,1909f56bfc062723c751e8b465ee728b)  -> (artifact id: 'fb450b45e016ff1124515c40dcc63709') in 0.004434 seconds 
  Import took 0.008653 seconds .

========================================================================
Received Import Request.
  Time since last request: 67.169984 seconds.
  path: Assets/Town/Textures/Building_Texture.tga
  artifactKey: Guid(a78bc10e4f44759458a318112a8705d8) Importer(815301076,1909f56bfc062723c751e8b465ee728b)
Start importing Assets/Town/Textures/Building_Texture.tga using Guid(a78bc10e4f44759458a318112a8705d8) Importer(815301076,1909f56bfc062723c751e8b465ee728b)  -> (artifact id: 'd4ed3df87e0089ff98f54cd9ca3faad9') in 0.064604 seconds 
  Import took 0.067828 seconds .

========================================================================
Received Import Request.
  Time since last request: 0.005648 seconds.
  path: Assets/Town/Textures/Building_Texture.tga
  artifactKey: Guid(a78bc10e4f44759458a318112a8705d8) Importer(815301076,1909f56bfc062723c751e8b465ee728b)
Start importing Assets/Town/Textures/Building_Texture.tga using Guid(a78bc10e4f44759458a318112a8705d8) Importer(815301076,1909f56bfc062723c751e8b465ee728b)  -> (artifact id: 'd4ed3df87e0089ff98f54cd9ca3faad9') in 0.019920 seconds 
  Import took 0.023458 seconds .

========================================================================
Received Import Request.
  Time since last request: 20.695878 seconds.
  path: Assets/Default URP Assets/ExampleAssets/Models/Workbench.fbx
  artifactKey: Guid(efe9381559c516743bd05cef82f39ebb) Importer(815301076,1909f56bfc062723c751e8b465ee728b)
Start importing Assets/Default URP Assets/ExampleAssets/Models/Workbench.fbx using Guid(efe9381559c516743bd05cef82f39ebb) Importer(815301076,1909f56bfc062723c751e8b465ee728b)  -> (artifact id: '3bfaa2b40387c91bbf08a0fdaf2b3609') in 0.236440 seconds 
  Import took 0.240335 seconds .

========================================================================
Received Import Request.
  Time since last request: 0.000226 seconds.
  path: Assets/Default URP Assets/ExampleAssets/Materials/DryWall_Mat.mat
  artifactKey: Guid(a68228c24abfa2f4b8954d7b0148f799) Importer(815301076,1909f56bfc062723c751e8b465ee728b)
Start importing Assets/Default URP Assets/ExampleAssets/Materials/DryWall_Mat.mat using Guid(a68228c24abfa2f4b8954d7b0148f799) Importer(815301076,1909f56bfc062723c751e8b465ee728b)  -> (artifact id: '116c7f27f1f71f613651b2fcf07e1d8a') in 0.028680 seconds 
  Import took 0.031828 seconds .

========================================================================
Received Import Request.
  Time since last request: 0.000254 seconds.
  path: Assets/Town/Materials/Building_Texture.mat
  artifactKey: Guid(88198c791a716b9479c2f987a2cdab6e) Importer(815301076,1909f56bfc062723c751e8b465ee728b)
Start importing Assets/Town/Materials/Building_Texture.mat using Guid(88198c791a716b9479c2f987a2cdab6e) Importer(815301076,1909f56bfc062723c751e8b465ee728b)  -> (artifact id: 'b5bb39240fe8d846245926655b78f522') in 0.012021 seconds 
  Import took 0.015467 seconds .

========================================================================
Received Import Request.
  Time since last request: 0.000225 seconds.
  path: Assets/Default URP Assets/ExampleAssets/Materials/ConstructionLight_Mat.mat
  artifactKey: Guid(49076442eeb7e054b8e8869f8b40656d) Importer(815301076,1909f56bfc062723c751e8b465ee728b)
Start importing Assets/Default URP Assets/ExampleAssets/Materials/ConstructionLight_Mat.mat using Guid(49076442eeb7e054b8e8869f8b40656d) Importer(815301076,1909f56bfc062723c751e8b465ee728b)  -> (artifact id: 'd1e4e794dfaab0fd77b442bcda6313d0') in 0.019145 seconds 
  Import took 0.022936 seconds .

========================================================================
Received Import Request.
  Time since last request: 0.000235 seconds.
  path: Assets/Default URP Assets/ExampleAssets/Models/safetygoggles_low.fbx
  artifactKey: Guid(6296e48663fd7ad46b1a2af507f871cf) Importer(815301076,1909f56bfc062723c751e8b465ee728b)
Start importing Assets/Default URP Assets/ExampleAssets/Models/safetygoggles_low.fbx using Guid(6296e48663fd7ad46b1a2af507f871cf) Importer(815301076,1909f56bfc062723c751e8b465ee728b)  -> (artifact id: 'c8e1bd272e53b2a22c91991353d1c128') in 0.059108 seconds 
  Import took 0.062914 seconds .

========================================================================
Received Import Request.
  Time since last request: 0.000254 seconds.
  path: Assets/Town/Materials/Character.mat
  artifactKey: Guid(99b1fee3d55287b47a45cf4f109673ff) Importer(815301076,1909f56bfc062723c751e8b465ee728b)
Start importing Assets/Town/Materials/Character.mat using Guid(99b1fee3d55287b47a45cf4f109673ff) Importer(815301076,1909f56bfc062723c751e8b465ee728b)  -> (artifact id: 'b1b5046d19a191c8c6ec15f4619b463d') in 0.017936 seconds 
  Import took 0.021044 seconds .

========================================================================
Received Import Request.
  Time since last request: 0.000247 seconds.
  path: Assets/Default URP Assets/ExampleAssets/Models/Workshop_Set.fbx
  artifactKey: Guid(47616bd0cda748d4cbedcfc908506b9d) Importer(815301076,1909f56bfc062723c751e8b465ee728b)
Start importing Assets/Default URP Assets/ExampleAssets/Models/Workshop_Set.fbx using Guid(47616bd0cda748d4cbedcfc908506b9d) Importer(815301076,1909f56bfc062723c751e8b465ee728b)  -> (artifact id: '78c376eb1f25ee185220a84a0222af2e') in 0.107095 seconds 
  Import took 0.110479 seconds .

========================================================================
Received Import Request.
  Time since last request: 0.000214 seconds.
  path: Assets/Default URP Assets/ExampleAssets/Models/ConstructionLight_Low.fbx
  artifactKey: Guid(e3ae06a3979f53046aa05330d69de1fa) Importer(815301076,1909f56bfc062723c751e8b465ee728b)
Start importing Assets/Default URP Assets/ExampleAssets/Models/ConstructionLight_Low.fbx using Guid(e3ae06a3979f53046aa05330d69de1fa) Importer(815301076,1909f56bfc062723c751e8b465ee728b)  -> (artifact id: '25fad6951bcaee8fc67fcf208381af55') in 0.065718 seconds 
  Import took 0.068760 seconds .

========================================================================
Received Import Request.
  Time since last request: 0.000235 seconds.
  path: Assets/Default URP Assets/ExampleAssets/Materials/DryWallPainted_Mat.mat
  artifactKey: Guid(9b8eadc4de0544646b75ddcc43f8fd06) Importer(815301076,1909f56bfc062723c751e8b465ee728b)
Start importing Assets/Default URP Assets/ExampleAssets/Materials/DryWallPainted_Mat.mat using Guid(9b8eadc4de0544646b75ddcc43f8fd06) Importer(815301076,1909f56bfc062723c751e8b465ee728b)  -> (artifact id: 'b37206a35d096ef6a263139c4d559fb2') in 0.018337 seconds 
  Import took 0.021616 seconds .

========================================================================
Received Import Request.
  Time since last request: 0.000325 seconds.
  path: Assets/Resources/Art/UnityChan/Materials/body.mat
  artifactKey: Guid(bb570020a8c3bad4bbf803af20e78937) Importer(815301076,1909f56bfc062723c751e8b465ee728b)
Start importing Assets/Resources/Art/UnityChan/Materials/body.mat using Guid(bb570020a8c3bad4bbf803af20e78937) Importer(815301076,1909f56bfc062723c751e8b465ee728b)  -> (artifact id: '21c983fda9094a28b56b3add0e71e894') in 0.030139 seconds 
  Import took 0.033353 seconds .

========================================================================
Received Import Request.
  Time since last request: 2.901447 seconds.
  path: Assets/Town/Materials/Grass_Texture.mat
  artifactKey: Guid(766994b7edbeec14e8cd1b622fb11c03) Importer(815301076,1909f56bfc062723c751e8b465ee728b)
Start importing Assets/Town/Materials/Grass_Texture.mat using Guid(766994b7edbeec14e8cd1b622fb11c03) Importer(815301076,1909f56bfc062723c751e8b465ee728b)  -> (artifact id: '640323234657c2cf0a55670f02478b0a') in 0.018721 seconds 
  Import took 0.022105 seconds .

========================================================================
Received Import Request.
  Time since last request: 0.000249 seconds.
  path: Assets/Town/Materials/GrassyRocks.mat
  artifactKey: Guid(0458089f3e91ac5409d67af247b2d79f) Importer(815301076,1909f56bfc062723c751e8b465ee728b)
Start importing Assets/Town/Materials/GrassyRocks.mat using Guid(0458089f3e91ac5409d67af247b2d79f) Importer(815301076,1909f56bfc062723c751e8b465ee728b)  -> (artifact id: '50fe1ce01ab96c01f3ddc71d066d6bbd') in 0.018781 seconds 
  Import took 0.022261 seconds .

========================================================================
Received Import Request.
  Time since last request: 0.000302 seconds.
  path: Assets/Town/Materials/Grass_Texture.mat
  artifactKey: Guid(766994b7edbeec14e8cd1b622fb11c03) Importer(815301076,1909f56bfc062723c751e8b465ee728b)
Start importing Assets/Town/Materials/Grass_Texture.mat using Guid(766994b7edbeec14e8cd1b622fb11c03) Importer(815301076,1909f56bfc062723c751e8b465ee728b)  -> (artifact id: '640323234657c2cf0a55670f02478b0a') in 0.014359 seconds 
  Import took 0.017923 seconds .

========================================================================
Received Import Request.
  Time since last request: 0.038705 seconds.
  path: Assets/Town/Materials/GrassyRocks.mat
  artifactKey: Guid(0458089f3e91ac5409d67af247b2d79f) Importer(815301076,1909f56bfc062723c751e8b465ee728b)
Start importing Assets/Town/Materials/GrassyRocks.mat using Guid(0458089f3e91ac5409d67af247b2d79f) Importer(815301076,1909f56bfc062723c751e8b465ee728b)  -> (artifact id: '50fe1ce01ab96c01f3ddc71d066d6bbd') in 0.012069 seconds 
  Import took 0.015758 seconds .

========================================================================
Received Import Request.
  Time since last request: 1.022065 seconds.
  path: Assets/Resources/Art/Green.mat
  artifactKey: Guid(f3a2cec4ef461a34b8eb1acbf206192a) Importer(815301076,1909f56bfc062723c751e8b465ee728b)
Start importing Assets/Resources/Art/Green.mat using Guid(f3a2cec4ef461a34b8eb1acbf206192a) Importer(815301076,1909f56bfc062723c751e8b465ee728b)  -> (artifact id: 'e14643c8b3ad7e02a99ddc984e98e484') in 0.019343 seconds 
  Import took 0.022794 seconds .

========================================================================
Received Import Request.
  Time since last request: 0.000217 seconds.
  path: Assets/Default URP Assets/ExampleAssets/Materials/Ground_Mat.mat
  artifactKey: Guid(d92ef32394b5f474385d74b565a7bdd7) Importer(815301076,1909f56bfc062723c751e8b465ee728b)
Start importing Assets/Default URP Assets/ExampleAssets/Materials/Ground_Mat.mat using Guid(d92ef32394b5f474385d74b565a7bdd7) Importer(815301076,1909f56bfc062723c751e8b465ee728b)  -> (artifact id: '50d40b6b0bc2d9d931093ab9fa0a118d') in 0.020982 seconds 
  Import took 0.024014 seconds .

========================================================================
Received Import Request.
  Time since last request: 0.116030 seconds.
  path: Assets/Default URP Assets/ExampleAssets/Materials/Hammer_Mat.mat
  artifactKey: Guid(4efcffd7ae23f1e41943fd914b18da10) Importer(815301076,1909f56bfc062723c751e8b465ee728b)
Start importing Assets/Default URP Assets/ExampleAssets/Materials/Hammer_Mat.mat using Guid(4efcffd7ae23f1e41943fd914b18da10) Importer(815301076,1909f56bfc062723c751e8b465ee728b)  -> (artifact id: 'e67d134a16c144d3fd83b347a6a3fe8e') in 0.019268 seconds 
  Import took 0.022752 seconds .

========================================================================
Received Import Request.
  Time since last request: 1.212771 seconds.
  path: Assets/Default URP Assets/ExampleAssets/Materials/HardHat_Mat.mat
  artifactKey: Guid(e93789f0a5d66df4a81613935579642b) Importer(815301076,1909f56bfc062723c751e8b465ee728b)
Start importing Assets/Default URP Assets/ExampleAssets/Materials/HardHat_Mat.mat using Guid(e93789f0a5d66df4a81613935579642b) Importer(815301076,1909f56bfc062723c751e8b465ee728b)  -> (artifact id: '6eb613d65ab21046a190f8398fd1fadf') in 0.017238 seconds 
  Import took 0.020840 seconds .

========================================================================
Received Import Request.
  Time since last request: 0.000252 seconds.
  path: Assets/Default URP Assets/ExampleAssets/Models/jigsaw_low.fbx
  artifactKey: Guid(8b73e8872ca76104bbca4ee2b704a1b4) Importer(815301076,1909f56bfc062723c751e8b465ee728b)
Start importing Assets/Default URP Assets/ExampleAssets/Models/jigsaw_low.fbx using Guid(8b73e8872ca76104bbca4ee2b704a1b4) Importer(815301076,1909f56bfc062723c751e8b465ee728b)  -> (artifact id: 'ffb3ebfa7463e65468b1e8d161ac3747') in 0.035166 seconds 
  Import took 0.038551 seconds .

========================================================================
Received Import Request.
  Time since last request: 0.000237 seconds.
  path: Assets/Default URP Assets/ExampleAssets/Models/hammer_low.fbx
  artifactKey: Guid(68a66fb5a71f8204a8dcb613c97d1fa8) Importer(815301076,1909f56bfc062723c751e8b465ee728b)
Start importing Assets/Default URP Assets/ExampleAssets/Models/hammer_low.fbx using Guid(68a66fb5a71f8204a8dcb613c97d1fa8) Importer(815301076,1909f56bfc062723c751e8b465ee728b)  -> (artifact id: '39555535c59b3b2b7cb695d299141fda') in 0.033315 seconds 
  Import took 0.036964 seconds .

========================================================================
Received Import Request.
  Time since last request: 0.000207 seconds.
  path: Assets/Default URP Assets/ExampleAssets/Materials/Jigsaw_Mat.mat
  artifactKey: Guid(801db2d997a562b4ea333aa4593ce0f0) Importer(815301076,1909f56bfc062723c751e8b465ee728b)
Start importing Assets/Default URP Assets/ExampleAssets/Materials/Jigsaw_Mat.mat using Guid(801db2d997a562b4ea333aa4593ce0f0) Importer(815301076,1909f56bfc062723c751e8b465ee728b)  -> (artifact id: 'fe2b64738b41ec806a3d1b0bf52ed49e') in 0.017245 seconds 
  Import took 0.020442 seconds .

========================================================================
Received Import Request.
  Time since last request: 0.000266 seconds.
  path: Assets/Default URP Assets/ExampleAssets/Models/jigsaw_low.fbx
  artifactKey: Guid(8b73e8872ca76104bbca4ee2b704a1b4) Importer(815301076,1909f56bfc062723c751e8b465ee728b)
Start importing Assets/Default URP Assets/ExampleAssets/Models/jigsaw_low.fbx using Guid(8b73e8872ca76104bbca4ee2b704a1b4) Importer(815301076,1909f56bfc062723c751e8b465ee728b)  -> (artifact id: 'ffb3ebfa7463e65468b1e8d161ac3747') in 0.031959 seconds 
  Import took 0.035571 seconds .

========================================================================
Received Import Request.
  Time since last request: 0.000255 seconds.
  path: Assets/Default URP Assets/ExampleAssets/Materials/HardHat_Mat.mat
  artifactKey: Guid(e93789f0a5d66df4a81613935579642b) Importer(815301076,1909f56bfc062723c751e8b465ee728b)
Start importing Assets/Default URP Assets/ExampleAssets/Materials/HardHat_Mat.mat using Guid(e93789f0a5d66df4a81613935579642b) Importer(815301076,1909f56bfc062723c751e8b465ee728b)  -> (artifact id: '6eb613d65ab21046a190f8398fd1fadf') in 0.013434 seconds 
  Import took 0.016702 seconds .

========================================================================
Received Import Request.
  Time since last request: 0.000244 seconds.
  path: Assets/Default URP Assets/ExampleAssets/Materials/Jigsaw_Mat.mat
  artifactKey: Guid(801db2d997a562b4ea333aa4593ce0f0) Importer(815301076,1909f56bfc062723c751e8b465ee728b)
Start importing Assets/Default URP Assets/ExampleAssets/Materials/Jigsaw_Mat.mat using Guid(801db2d997a562b4ea333aa4593ce0f0) Importer(815301076,1909f56bfc062723c751e8b465ee728b)  -> (artifact id: 'fe2b64738b41ec806a3d1b0bf52ed49e') in 0.010801 seconds 
  Import took 0.014161 seconds .

========================================================================
Received Import Request.
  Time since last request: 0.050799 seconds.
  path: Assets/Default URP Assets/ExampleAssets/Models/small_plane.fbx
  artifactKey: Guid(aeaee610429f51f44981e141eb2a3545) Importer(815301076,1909f56bfc062723c751e8b465ee728b)
Start importing Assets/Default URP Assets/ExampleAssets/Models/small_plane.fbx using Guid(aeaee610429f51f44981e141eb2a3545) Importer(815301076,1909f56bfc062723c751e8b465ee728b)  -> (artifact id: 'baf2deccc528b1148380857add8788a5') in 0.032170 seconds 
  Import took 0.037228 seconds .

========================================================================
Received Import Request.
  Time since last request: 0.000265 seconds.
  path: Assets/Resources/Art/UnityChan/Materials/Left.mat
  artifactKey: Guid(00cf17fb11d4e76448c2096f7ee6aa4f) Importer(815301076,1909f56bfc062723c751e8b465ee728b)
Start importing Assets/Resources/Art/UnityChan/Materials/Left.mat using Guid(00cf17fb11d4e76448c2096f7ee6aa4f) Importer(815301076,1909f56bfc062723c751e8b465ee728b)  -> (artifact id: '91880f766d524b4641b7cc0450cc3ba0') in 0.025591 seconds 
  Import took 0.028728 seconds .

========================================================================
Received Import Request.
  Time since last request: 0.014540 seconds.
  path: Assets/Resources/Art/UnityChan/Materials/Left.mat
  artifactKey: Guid(00cf17fb11d4e76448c2096f7ee6aa4f) Importer(815301076,1909f56bfc062723c751e8b465ee728b)
Start importing Assets/Resources/Art/UnityChan/Materials/Left.mat using Guid(00cf17fb11d4e76448c2096f7ee6aa4f) Importer(815301076,1909f56bfc062723c751e8b465ee728b)  -> (artifact id: '91880f766d524b4641b7cc0450cc3ba0') in 0.018488 seconds 
  Import took 0.022599 seconds .

========================================================================
Received Import Request.
  Time since last request: 0.000224 seconds.
  path: Assets/Default URP Assets/ExampleAssets/Models/magneticlevel_low.fbx
  artifactKey: Guid(bae110eee250e4b418b188f4ae4e3170) Importer(815301076,1909f56bfc062723c751e8b465ee728b)
Start importing Assets/Default URP Assets/ExampleAssets/Models/magneticlevel_low.fbx using Guid(bae110eee250e4b418b188f4ae4e3170) Importer(815301076,1909f56bfc062723c751e8b465ee728b)  -> (artifact id: 'f7bbab0c957b842a6315f56d6668b7d8') in 0.049481 seconds 
  Import took 0.052692 seconds .

========================================================================
Received Import Request.
  Time since last request: 0.000227 seconds.
  path: Assets/Default URP Assets/ExampleAssets/Materials/LightBulb_Mat.mat
  artifactKey: Guid(ec739259ec61f5d4ba3ed6d34fd802a6) Importer(815301076,1909f56bfc062723c751e8b465ee728b)
Start importing Assets/Default URP Assets/ExampleAssets/Materials/LightBulb_Mat.mat using Guid(ec739259ec61f5d4ba3ed6d34fd802a6) Importer(815301076,1909f56bfc062723c751e8b465ee728b)  -> (artifact id: 'd497047fce4c801a21dfc784ca363e00') in 0.019171 seconds 
  Import took 0.022935 seconds .

========================================================================
Received Import Request.
  Time since last request: 0.000245 seconds.
  path: Assets/Resources/Art/UnityChan/Materials/mat_cheek.mat
  artifactKey: Guid(5f9d44654b83160428d7c4cf276b3572) Importer(815301076,1909f56bfc062723c751e8b465ee728b)
Start importing Assets/Resources/Art/UnityChan/Materials/mat_cheek.mat using Guid(5f9d44654b83160428d7c4cf276b3572) Importer(815301076,1909f56bfc062723c751e8b465ee728b)  -> (artifact id: '213c95a0b4f598748b1b0d2af5461a09') in 0.026077 seconds 
  Import took 0.029573 seconds .

========================================================================
Received Import Request.
  Time since last request: 0.000266 seconds.
  path: Assets/Default URP Assets/ExampleAssets/Materials/Liquid_Mat.mat
  artifactKey: Guid(c532880e607f8c84d8b9bf0c46a522ad) Importer(815301076,1909f56bfc062723c751e8b465ee728b)
Start importing Assets/Default URP Assets/ExampleAssets/Materials/Liquid_Mat.mat using Guid(c532880e607f8c84d8b9bf0c46a522ad) Importer(815301076,1909f56bfc062723c751e8b465ee728b)  -> (artifact id: 'd3aae28d1aa0d9145b769ce0c4090154') in 0.018968 seconds 
  Import took 0.022356 seconds .

========================================================================
Received Import Request.
  Time since last request: 8.881612 seconds.
  path: Assets/Default URP Assets/ExampleAssets/Models/Workbench_Low.fbx
  artifactKey: Guid(ff6dc36862fe41641bb21568d92147c9) Importer(815301076,1909f56bfc062723c751e8b465ee728b)
Start importing Assets/Default URP Assets/ExampleAssets/Models/Workbench_Low.fbx using Guid(ff6dc36862fe41641bb21568d92147c9) Importer(815301076,1909f56bfc062723c751e8b465ee728b)  -> (artifact id: '5b60d062adf5ee030ec3a15e693cf026') in 0.102260 seconds 
  Import took 0.105760 seconds .

========================================================================
Received Prepare
Registering precompiled user dll's ...
Registered in 0.005441 seconds.
Begin MonoManager ReloadAssembly
Native extension for WindowsStandalone target not found
Native extension for WebGL target not found
Refreshing native plugins compatible for Editor in 0.51 ms, found 2 plugins.
Preloading 0 native plugins for Editor in 0.00 ms.
Mono: successfully reloaded assembly
- Completed reload, in  1.468 seconds
Domain Reload Profiling:
	ReloadAssembly (1468ms)
		BeginReloadAssembly (193ms)
			ExecutionOrderSort (0ms)
			DisableScriptedObjects (5ms)
			BackupInstance (0ms)
			ReleaseScriptingObjects (0ms)
			CreateAndSetChildDomain (52ms)
		EndReloadAssembly (1187ms)
			LoadAssemblies (142ms)
			RebuildTransferFunctionScriptingTraits (0ms)
			SetupTypeCache (346ms)
			ReleaseScriptCaches (1ms)
			RebuildScriptCaches (59ms)
			SetupLoadedEditorAssemblies (537ms)
				LogAssemblyErrors (0ms)
				InitializePlatformSupportModulesInManaged (8ms)
				SetLoadedEditorAssemblies (1ms)
				RefreshPlugins (1ms)
				BeforeProcessingInitializeOnLoad (101ms)
				ProcessInitializeOnLoadAttributes (413ms)
				ProcessInitializeOnLoadMethodAttributes (4ms)
				AfterProcessingInitializeOnLoad (10ms)
				EditorAssembliesLoaded (0ms)
			ExecutionOrderSort2 (0ms)
			AwakeInstancesAfterBackupRestoration (8ms)
Platform modules already initialized, skipping
Refreshing native plugins compatible for Editor in 0.46 ms, found 2 plugins.
Preloading 0 native plugins for Editor in 0.00 ms.
Unloading 1457 Unused Serialized files (Serialized files now loaded: 0)
System memory in use before: 75.8 MB.
System memory in use after: 75.9 MB.

Unloading 13 unused Assets to reduce memory usage. Loaded Objects now: 1959.
Total: 3.374000 ms (FindLiveObjects: 0.221000 ms CreateObjectMapping: 0.040300 ms MarkObjects: 3.087300 ms  DeleteObjects: 0.023400 ms)

AssetImportParameters requested are different than current active one (requested -> active):
  custom:framework-win-MediaFoundation: 216162199b28c13a410421893ffa2e32 -> 
  custom:video-decoder-ogg-theora: a1e56fd34408186e4bbccfd4996cb3dc -> 
  custom:container-muxer-webm: aa71ff27fc2769a1b78a27578f13a17b -> 
  custom:container-demuxer-webm: 4f35f7cbe854078d1ac9338744f61a02 -> 
  custom:container-demuxer-ogg: 62fdf1f143b41e24485cea50d1cbac27 -> 
  custom:video-encoder-webm-vp8: eb34c28f22e8b96e1ab97ce403110664 -> 
  custom:video-decoder-webm-vp8: 9c59270c3fd7afecdb556c50c9e8de78 -> 
  custom:audio-decoder-ogg-vorbis: bf7c407c2cedff20999df2af8eb42d56 -> 
  custom:audio-encoder-webm-vorbis: bf7c407c2cedff20999df2af8eb42d56 -> 
========================================================================
Received Prepare
Registering precompiled user dll's ...
Registered in 0.006081 seconds.
Begin MonoManager ReloadAssembly
Native extension for WindowsStandalone target not found
Native extension for WebGL target not found
Refreshing native plugins compatible for Editor in 0.82 ms, found 2 plugins.
Preloading 0 native plugins for Editor in 0.00 ms.
Mono: successfully reloaded assembly
- Completed reload, in  1.421 seconds
Domain Reload Profiling:
	ReloadAssembly (1422ms)
		BeginReloadAssembly (173ms)
			ExecutionOrderSort (0ms)
			DisableScriptedObjects (7ms)
			BackupInstance (0ms)
			ReleaseScriptingObjects (0ms)
			CreateAndSetChildDomain (55ms)
		EndReloadAssembly (1153ms)
			LoadAssemblies (131ms)
			RebuildTransferFunctionScriptingTraits (0ms)
			SetupTypeCache (359ms)
			ReleaseScriptCaches (1ms)
			RebuildScriptCaches (59ms)
			SetupLoadedEditorAssemblies (499ms)
				LogAssemblyErrors (0ms)
				InitializePlatformSupportModulesInManaged (10ms)
				SetLoadedEditorAssemblies (1ms)
				RefreshPlugins (1ms)
				BeforeProcessingInitializeOnLoad (106ms)
				ProcessInitializeOnLoadAttributes (365ms)
				ProcessInitializeOnLoadMethodAttributes (4ms)
				AfterProcessingInitializeOnLoad (11ms)
				EditorAssembliesLoaded (0ms)
			ExecutionOrderSort2 (0ms)
			AwakeInstancesAfterBackupRestoration (8ms)
Platform modules already initialized, skipping
Refreshing native plugins compatible for Editor in 0.48 ms, found 2 plugins.
Preloading 0 native plugins for Editor in 0.00 ms.
Unloading 1457 Unused Serialized files (Serialized files now loaded: 0)
System memory in use before: 75.8 MB.
System memory in use after: 75.9 MB.

Unloading 13 unused Assets to reduce memory usage. Loaded Objects now: 1961.
Total: 3.598600 ms (FindLiveObjects: 0.283600 ms CreateObjectMapping: 0.060700 ms MarkObjects: 3.230600 ms  DeleteObjects: 0.020900 ms)

AssetImportParameters requested are different than current active one (requested -> active):
  custom:framework-win-MediaFoundation: 216162199b28c13a410421893ffa2e32 -> 
  custom:video-decoder-ogg-theora: a1e56fd34408186e4bbccfd4996cb3dc -> 
  custom:container-muxer-webm: aa71ff27fc2769a1b78a27578f13a17b -> 
  custom:container-demuxer-webm: 4f35f7cbe854078d1ac9338744f61a02 -> 
  custom:container-demuxer-ogg: 62fdf1f143b41e24485cea50d1cbac27 -> 
  custom:video-encoder-webm-vp8: eb34c28f22e8b96e1ab97ce403110664 -> 
  custom:video-decoder-webm-vp8: 9c59270c3fd7afecdb556c50c9e8de78 -> 
  custom:audio-decoder-ogg-vorbis: bf7c407c2cedff20999df2af8eb42d56 -> 
  custom:audio-encoder-webm-vorbis: bf7c407c2cedff20999df2af8eb42d56 -> 
========================================================================
Received Prepare
Registering precompiled user dll's ...
Registered in 0.004959 seconds.
Begin MonoManager ReloadAssembly
Native extension for WindowsStandalone target not found
Native extension for WebGL target not found
Refreshing native plugins compatible for Editor in 0.48 ms, found 2 plugins.
Preloading 0 native plugins for Editor in 0.00 ms.
Mono: successfully reloaded assembly
- Completed reload, in  1.332 seconds
Domain Reload Profiling:
	ReloadAssembly (1333ms)
		BeginReloadAssembly (139ms)
			ExecutionOrderSort (0ms)
			DisableScriptedObjects (6ms)
			BackupInstance (0ms)
			ReleaseScriptingObjects (0ms)
			CreateAndSetChildDomain (40ms)
		EndReloadAssembly (1111ms)
			LoadAssemblies (104ms)
			RebuildTransferFunctionScriptingTraits (0ms)
			SetupTypeCache (325ms)
			ReleaseScriptCaches (1ms)
			RebuildScriptCaches (63ms)
			SetupLoadedEditorAssemblies (496ms)
				LogAssemblyErrors (0ms)
				InitializePlatformSupportModulesInManaged (8ms)
				SetLoadedEditorAssemblies (1ms)
				RefreshPlugins (1ms)
				BeforeProcessingInitializeOnLoad (102ms)
				ProcessInitializeOnLoadAttributes (370ms)
				ProcessInitializeOnLoadMethodAttributes (4ms)
				AfterProcessingInitializeOnLoad (10ms)
				EditorAssembliesLoaded (1ms)
			ExecutionOrderSort2 (0ms)
			AwakeInstancesAfterBackupRestoration (8ms)
Platform modules already initialized, skipping
Refreshing native plugins compatible for Editor in 0.52 ms, found 2 plugins.
Preloading 0 native plugins for Editor in 0.00 ms.
Unloading 1457 Unused Serialized files (Serialized files now loaded: 0)
System memory in use before: 75.8 MB.
System memory in use after: 75.9 MB.

Unloading 13 unused Assets to reduce memory usage. Loaded Objects now: 1963.
Total: 4.069600 ms (FindLiveObjects: 0.217000 ms CreateObjectMapping: 0.046200 ms MarkObjects: 3.782400 ms  DeleteObjects: 0.022000 ms)

AssetImportParameters requested are different than current active one (requested -> active):
  custom:framework-win-MediaFoundation: 216162199b28c13a410421893ffa2e32 -> 
  custom:video-decoder-ogg-theora: a1e56fd34408186e4bbccfd4996cb3dc -> 
  custom:container-muxer-webm: aa71ff27fc2769a1b78a27578f13a17b -> 
  custom:container-demuxer-webm: 4f35f7cbe854078d1ac9338744f61a02 -> 
  custom:container-demuxer-ogg: 62fdf1f143b41e24485cea50d1cbac27 -> 
  custom:video-encoder-webm-vp8: eb34c28f22e8b96e1ab97ce403110664 -> 
  custom:video-decoder-webm-vp8: 9c59270c3fd7afecdb556c50c9e8de78 -> 
  custom:audio-decoder-ogg-vorbis: bf7c407c2cedff20999df2af8eb42d56 -> 
  custom:audio-encoder-webm-vorbis: bf7c407c2cedff20999df2af8eb42d56 -> 
========================================================================
Received Prepare
Registering precompiled user dll's ...
Registered in 0.004674 seconds.
Begin MonoManager ReloadAssembly
Native extension for WindowsStandalone target not found
Native extension for WebGL target not found
Refreshing native plugins compatible for Editor in 0.56 ms, found 2 plugins.
Preloading 0 native plugins for Editor in 0.00 ms.
Mono: successfully reloaded assembly
- Completed reload, in  1.421 seconds
Domain Reload Profiling:
	ReloadAssembly (1422ms)
		BeginReloadAssembly (145ms)
			ExecutionOrderSort (0ms)
			DisableScriptedObjects (8ms)
			BackupInstance (0ms)
			ReleaseScriptingObjects (0ms)
			CreateAndSetChildDomain (43ms)
		EndReloadAssembly (1167ms)
			LoadAssemblies (115ms)
			RebuildTransferFunctionScriptingTraits (0ms)
			SetupTypeCache (334ms)
			ReleaseScriptCaches (1ms)
			RebuildScriptCaches (76ms)
			SetupLoadedEditorAssemblies (530ms)
				LogAssemblyErrors (0ms)
				InitializePlatformSupportModulesInManaged (9ms)
				SetLoadedEditorAssemblies (1ms)
				RefreshPlugins (1ms)
				BeforeProcessingInitializeOnLoad (115ms)
				ProcessInitializeOnLoadAttributes (390ms)
				ProcessInitializeOnLoadMethodAttributes (4ms)
				AfterProcessingInitializeOnLoad (9ms)
				EditorAssembliesLoaded (0ms)
			ExecutionOrderSort2 (0ms)
			AwakeInstancesAfterBackupRestoration (9ms)
Platform modules already initialized, skipping
Refreshing native plugins compatible for Editor in 0.66 ms, found 2 plugins.
Preloading 0 native plugins for Editor in 0.00 ms.
Unloading 1457 Unused Serialized files (Serialized files now loaded: 0)
System memory in use before: 75.8 MB.
System memory in use after: 75.9 MB.

Unloading 13 unused Assets to reduce memory usage. Loaded Objects now: 1965.
Total: 3.764200 ms (FindLiveObjects: 0.214800 ms CreateObjectMapping: 0.043600 ms MarkObjects: 3.481600 ms  DeleteObjects: 0.022300 ms)

AssetImportParameters requested are different than current active one (requested -> active):
  custom:framework-win-MediaFoundation: 216162199b28c13a410421893ffa2e32 -> 
  custom:video-decoder-ogg-theora: a1e56fd34408186e4bbccfd4996cb3dc -> 
  custom:container-muxer-webm: aa71ff27fc2769a1b78a27578f13a17b -> 
  custom:container-demuxer-webm: 4f35f7cbe854078d1ac9338744f61a02 -> 
  custom:container-demuxer-ogg: 62fdf1f143b41e24485cea50d1cbac27 -> 
  custom:video-encoder-webm-vp8: eb34c28f22e8b96e1ab97ce403110664 -> 
  custom:video-decoder-webm-vp8: 9c59270c3fd7afecdb556c50c9e8de78 -> 
  custom:audio-decoder-ogg-vorbis: bf7c407c2cedff20999df2af8eb42d56 -> 
  custom:audio-encoder-webm-vorbis: bf7c407c2cedff20999df2af8eb42d56 -> 
========================================================================
Received Import Request.
  Time since last request: 7626.664694 seconds.
  path: Assets/Scenes/Game
  artifactKey: Guid(00a5ee7afee82c3409b93655050513a9) Importer(815301076,1909f56bfc062723c751e8b465ee728b)
Start importing Assets/Scenes/Game using Guid(00a5ee7afee82c3409b93655050513a9) Importer(815301076,1909f56bfc062723c751e8b465ee728b)  -> (artifact id: '14c7ce7f702022643c2913a1d3e553f9') in 0.016921 seconds 
  Import took 0.021179 seconds .

========================================================================
Received Import Request.
  Time since last request: 0.001080 seconds.
  path: Assets/Scenes/Game
  artifactKey: Guid(00a5ee7afee82c3409b93655050513a9) Importer(815301076,1909f56bfc062723c751e8b465ee728b)
Start importing Assets/Scenes/Game using Guid(00a5ee7afee82c3409b93655050513a9) Importer(815301076,1909f56bfc062723c751e8b465ee728b)  -> (artifact id: '14c7ce7f702022643c2913a1d3e553f9') in 0.004440 seconds 
  Import took 0.007809 seconds .

========================================================================
Received Import Request.
  Time since last request: 11.106665 seconds.
  path: Assets/Scripts/Controllers/PlayerController.cs
  artifactKey: Guid(e4eee70858a5a99409cc1ebd476cea57) Importer(815301076,1909f56bfc062723c751e8b465ee728b)
Start importing Assets/Scripts/Controllers/PlayerController.cs using Guid(e4eee70858a5a99409cc1ebd476cea57) Importer(815301076,1909f56bfc062723c751e8b465ee728b)  -> (artifact id: '717c05082e46c79c5a9c700d7d46bb81') in 0.014135 seconds 
  Import took 0.017192 seconds .

========================================================================
Received Prepare
Registering precompiled user dll's ...
Registered in 0.005691 seconds.
Begin MonoManager ReloadAssembly
Native extension for WindowsStandalone target not found
Native extension for WebGL target not found
Refreshing native plugins compatible for Editor in 0.60 ms, found 2 plugins.
Preloading 0 native plugins for Editor in 0.00 ms.
Mono: successfully reloaded assembly
- Completed reload, in  1.377 seconds
Domain Reload Profiling:
	ReloadAssembly (1377ms)
		BeginReloadAssembly (151ms)
			ExecutionOrderSort (0ms)
			DisableScriptedObjects (6ms)
			BackupInstance (0ms)
			ReleaseScriptingObjects (0ms)
			CreateAndSetChildDomain (42ms)
		EndReloadAssembly (1145ms)
			LoadAssemblies (112ms)
			RebuildTransferFunctionScriptingTraits (0ms)
			SetupTypeCache (340ms)
			ReleaseScriptCaches (1ms)
			RebuildScriptCaches (59ms)
			SetupLoadedEditorAssemblies (523ms)
				LogAssemblyErrors (0ms)
				InitializePlatformSupportModulesInManaged (8ms)
				SetLoadedEditorAssemblies (1ms)
				RefreshPlugins (1ms)
				BeforeProcessingInitializeOnLoad (107ms)
				ProcessInitializeOnLoadAttributes (389ms)
				ProcessInitializeOnLoadMethodAttributes (6ms)
				AfterProcessingInitializeOnLoad (11ms)
				EditorAssembliesLoaded (0ms)
			ExecutionOrderSort2 (0ms)
			AwakeInstancesAfterBackupRestoration (8ms)
Platform modules already initialized, skipping
Refreshing native plugins compatible for Editor in 0.49 ms, found 2 plugins.
Preloading 0 native plugins for Editor in 0.00 ms.
Unloading 1457 Unused Serialized files (Serialized files now loaded: 0)
System memory in use before: 75.8 MB.
System memory in use after: 75.9 MB.

Unloading 13 unused Assets to reduce memory usage. Loaded Objects now: 1967.
Total: 4.743300 ms (FindLiveObjects: 0.214800 ms CreateObjectMapping: 0.045300 ms MarkObjects: 4.447800 ms  DeleteObjects: 0.033200 ms)

AssetImportParameters requested are different than current active one (requested -> active):
  custom:framework-win-MediaFoundation: 216162199b28c13a410421893ffa2e32 -> 
  custom:video-decoder-ogg-theora: a1e56fd34408186e4bbccfd4996cb3dc -> 
  custom:container-muxer-webm: aa71ff27fc2769a1b78a27578f13a17b -> 
  custom:container-demuxer-webm: 4f35f7cbe854078d1ac9338744f61a02 -> 
  custom:container-demuxer-ogg: 62fdf1f143b41e24485cea50d1cbac27 -> 
  custom:video-encoder-webm-vp8: eb34c28f22e8b96e1ab97ce403110664 -> 
  custom:video-decoder-webm-vp8: 9c59270c3fd7afecdb556c50c9e8de78 -> 
  custom:audio-decoder-ogg-vorbis: bf7c407c2cedff20999df2af8eb42d56 -> 
  custom:audio-encoder-webm-vorbis: bf7c407c2cedff20999df2af8eb42d56 -> 
========================================================================
Received Import Request.
  Time since last request: 277.834302 seconds.
  path: Assets/Scripts/Controllers/PlayerController.cs
  artifactKey: Guid(e4eee70858a5a99409cc1ebd476cea57) Importer(815301076,1909f56bfc062723c751e8b465ee728b)
Start importing Assets/Scripts/Controllers/PlayerController.cs using Guid(e4eee70858a5a99409cc1ebd476cea57) Importer(815301076,1909f56bfc062723c751e8b465ee728b)  -> (artifact id: '8e33284018fde7173c683cdc582602e1') in 0.007477 seconds 
  Import took 0.010699 seconds .

========================================================================
Received Import Request.
  Time since last request: 2.062782 seconds.
  path: Assets/Scripts/Controllers/PlayerController.cs
  artifactKey: Guid(e4eee70858a5a99409cc1ebd476cea57) Importer(815301076,1909f56bfc062723c751e8b465ee728b)
Start importing Assets/Scripts/Controllers/PlayerController.cs using Guid(e4eee70858a5a99409cc1ebd476cea57) Importer(815301076,1909f56bfc062723c751e8b465ee728b)  -> (artifact id: '8e33284018fde7173c683cdc582602e1') in 0.004367 seconds 
  Import took 0.007412 seconds .

========================================================================
Received Prepare
Registering precompiled user dll's ...
Registered in 0.006899 seconds.
Begin MonoManager ReloadAssembly
Native extension for WindowsStandalone target not found
Native extension for WebGL target not found
Refreshing native plugins compatible for Editor in 0.91 ms, found 2 plugins.
Preloading 0 native plugins for Editor in 0.00 ms.
Mono: successfully reloaded assembly
- Completed reload, in  1.690 seconds
Domain Reload Profiling:
	ReloadAssembly (1693ms)
		BeginReloadAssembly (176ms)
			ExecutionOrderSort (0ms)
			DisableScriptedObjects (7ms)
			BackupInstance (0ms)
			ReleaseScriptingObjects (0ms)
			CreateAndSetChildDomain (54ms)
		EndReloadAssembly (1416ms)
			LoadAssemblies (134ms)
			RebuildTransferFunctionScriptingTraits (0ms)
			SetupTypeCache (348ms)
			ReleaseScriptCaches (2ms)
			RebuildScriptCaches (67ms)
			SetupLoadedEditorAssemblies (586ms)
				LogAssemblyErrors (0ms)
				InitializePlatformSupportModulesInManaged (20ms)
				SetLoadedEditorAssemblies (1ms)
				RefreshPlugins (1ms)
				BeforeProcessingInitializeOnLoad (125ms)
				ProcessInitializeOnLoadAttributes (421ms)
				ProcessInitializeOnLoadMethodAttributes (5ms)
				AfterProcessingInitializeOnLoad (11ms)
				EditorAssembliesLoaded (0ms)
			ExecutionOrderSort2 (0ms)
			AwakeInstancesAfterBackupRestoration (10ms)
Platform modules already initialized, skipping
Refreshing native plugins compatible for Editor in 0.44 ms, found 2 plugins.
Preloading 0 native plugins for Editor in 0.00 ms.
Unloading 1457 Unused Serialized files (Serialized files now loaded: 0)
System memory in use before: 75.8 MB.
System memory in use after: 75.9 MB.

Unloading 13 unused Assets to reduce memory usage. Loaded Objects now: 1969.
Total: 4.011100 ms (FindLiveObjects: 0.262700 ms CreateObjectMapping: 0.051200 ms MarkObjects: 3.669400 ms  DeleteObjects: 0.025400 ms)

AssetImportParameters requested are different than current active one (requested -> active):
  custom:framework-win-MediaFoundation: 216162199b28c13a410421893ffa2e32 -> 
  custom:video-decoder-ogg-theora: a1e56fd34408186e4bbccfd4996cb3dc -> 
  custom:container-muxer-webm: aa71ff27fc2769a1b78a27578f13a17b -> 
  custom:container-demuxer-webm: 4f35f7cbe854078d1ac9338744f61a02 -> 
  custom:container-demuxer-ogg: 62fdf1f143b41e24485cea50d1cbac27 -> 
  custom:video-encoder-webm-vp8: eb34c28f22e8b96e1ab97ce403110664 -> 
  custom:video-decoder-webm-vp8: 9c59270c3fd7afecdb556c50c9e8de78 -> 
  custom:audio-decoder-ogg-vorbis: bf7c407c2cedff20999df2af8eb42d56 -> 
  custom:audio-encoder-webm-vorbis: bf7c407c2cedff20999df2af8eb42d56 -> 
========================================================================
Received Prepare
Registering precompiled user dll's ...
Registered in 0.005651 seconds.
Begin MonoManager ReloadAssembly
Native extension for WindowsStandalone target not found
Native extension for WebGL target not found
Refreshing native plugins compatible for Editor in 0.47 ms, found 2 plugins.
Preloading 0 native plugins for Editor in 0.00 ms.
Mono: successfully reloaded assembly
- Completed reload, in  1.359 seconds
Domain Reload Profiling:
	ReloadAssembly (1359ms)
		BeginReloadAssembly (150ms)
			ExecutionOrderSort (0ms)
			DisableScriptedObjects (5ms)
			BackupInstance (0ms)
			ReleaseScriptingObjects (0ms)
			CreateAndSetChildDomain (45ms)
		EndReloadAssembly (1122ms)
			LoadAssemblies (117ms)
			RebuildTransferFunctionScriptingTraits (0ms)
			SetupTypeCache (345ms)
			ReleaseScriptCaches (1ms)
			RebuildScriptCaches (55ms)
			SetupLoadedEditorAssemblies (497ms)
				LogAssemblyErrors (0ms)
				InitializePlatformSupportModulesInManaged (7ms)
				SetLoadedEditorAssemblies (1ms)
				RefreshPlugins (1ms)
				BeforeProcessingInitializeOnLoad (103ms)
				ProcessInitializeOnLoadAttributes (372ms)
				ProcessInitializeOnLoadMethodAttributes (4ms)
				AfterProcessingInitializeOnLoad (9ms)
				EditorAssembliesLoaded (0ms)
			ExecutionOrderSort2 (0ms)
			AwakeInstancesAfterBackupRestoration (8ms)
Platform modules already initialized, skipping
Refreshing native plugins compatible for Editor in 0.53 ms, found 2 plugins.
Preloading 0 native plugins for Editor in 0.00 ms.
Unloading 1457 Unused Serialized files (Serialized files now loaded: 0)
System memory in use before: 75.8 MB.
System memory in use after: 75.9 MB.

Unloading 13 unused Assets to reduce memory usage. Loaded Objects now: 1971.
Total: 4.019600 ms (FindLiveObjects: 0.236000 ms CreateObjectMapping: 0.048600 ms MarkObjects: 3.707400 ms  DeleteObjects: 0.026000 ms)

AssetImportParameters requested are different than current active one (requested -> active):
  custom:framework-win-MediaFoundation: 216162199b28c13a410421893ffa2e32 -> 
  custom:video-decoder-ogg-theora: a1e56fd34408186e4bbccfd4996cb3dc -> 
  custom:container-muxer-webm: aa71ff27fc2769a1b78a27578f13a17b -> 
  custom:container-demuxer-webm: 4f35f7cbe854078d1ac9338744f61a02 -> 
  custom:container-demuxer-ogg: 62fdf1f143b41e24485cea50d1cbac27 -> 
  custom:video-encoder-webm-vp8: eb34c28f22e8b96e1ab97ce403110664 -> 
  custom:video-decoder-webm-vp8: 9c59270c3fd7afecdb556c50c9e8de78 -> 
  custom:audio-decoder-ogg-vorbis: bf7c407c2cedff20999df2af8eb42d56 -> 
  custom:audio-encoder-webm-vorbis: bf7c407c2cedff20999df2af8eb42d56 -> 
========================================================================
Received Import Request.
  Time since last request: 19.326899 seconds.
  path: Assets/Scripts/Controllers/PlayerController.cs
  artifactKey: Guid(e4eee70858a5a99409cc1ebd476cea57) Importer(815301076,1909f56bfc062723c751e8b465ee728b)
Start importing Assets/Scripts/Controllers/PlayerController.cs using Guid(e4eee70858a5a99409cc1ebd476cea57) Importer(815301076,1909f56bfc062723c751e8b465ee728b)  -> (artifact id: 'dd6aa43a19a2c2663e4cd55b33911e99') in 0.007485 seconds 
  Import took 0.010941 seconds .

========================================================================
Received Prepare
Registering precompiled user dll's ...
Registered in 0.005664 seconds.
Begin MonoManager ReloadAssembly
Native extension for WindowsStandalone target not found
Native extension for WebGL target not found
Refreshing native plugins compatible for Editor in 0.47 ms, found 2 plugins.
Preloading 0 native plugins for Editor in 0.00 ms.
Mono: successfully reloaded assembly
- Completed reload, in  1.322 seconds
Domain Reload Profiling:
	ReloadAssembly (1323ms)
		BeginReloadAssembly (140ms)
			ExecutionOrderSort (0ms)
			DisableScriptedObjects (8ms)
			BackupInstance (0ms)
			ReleaseScriptingObjects (0ms)
			CreateAndSetChildDomain (38ms)
		EndReloadAssembly (1103ms)
			LoadAssemblies (102ms)
			RebuildTransferFunctionScriptingTraits (0ms)
			SetupTypeCache (315ms)
			ReleaseScriptCaches (1ms)
			RebuildScriptCaches (56ms)
			SetupLoadedEditorAssemblies (509ms)
				LogAssemblyErrors (0ms)
				InitializePlatformSupportModulesInManaged (8ms)
				SetLoadedEditorAssemblies (1ms)
				RefreshPlugins (1ms)
				BeforeProcessingInitializeOnLoad (100ms)
				ProcessInitializeOnLoadAttributes (385ms)
				ProcessInitializeOnLoadMethodAttributes (4ms)
				AfterProcessingInitializeOnLoad (9ms)
				EditorAssembliesLoaded (0ms)
			ExecutionOrderSort2 (0ms)
			AwakeInstancesAfterBackupRestoration (9ms)
Platform modules already initialized, skipping
Refreshing native plugins compatible for Editor in 0.52 ms, found 2 plugins.
Preloading 0 native plugins for Editor in 0.00 ms.
Unloading 1457 Unused Serialized files (Serialized files now loaded: 0)
System memory in use before: 75.8 MB.
System memory in use after: 75.9 MB.

Unloading 13 unused Assets to reduce memory usage. Loaded Objects now: 1973.
Total: 3.527100 ms (FindLiveObjects: 0.215200 ms CreateObjectMapping: 0.044200 ms MarkObjects: 3.242600 ms  DeleteObjects: 0.023500 ms)

AssetImportParameters requested are different than current active one (requested -> active):
  custom:framework-win-MediaFoundation: 216162199b28c13a410421893ffa2e32 -> 
  custom:video-decoder-ogg-theora: a1e56fd34408186e4bbccfd4996cb3dc -> 
  custom:container-muxer-webm: aa71ff27fc2769a1b78a27578f13a17b -> 
  custom:container-demuxer-webm: 4f35f7cbe854078d1ac9338744f61a02 -> 
  custom:container-demuxer-ogg: 62fdf1f143b41e24485cea50d1cbac27 -> 
  custom:video-encoder-webm-vp8: eb34c28f22e8b96e1ab97ce403110664 -> 
  custom:video-decoder-webm-vp8: 9c59270c3fd7afecdb556c50c9e8de78 -> 
  custom:audio-decoder-ogg-vorbis: bf7c407c2cedff20999df2af8eb42d56 -> 
  custom:audio-encoder-webm-vorbis: bf7c407c2cedff20999df2af8eb42d56 -> 
========================================================================
Received Prepare
Registering precompiled user dll's ...
Registered in 0.006887 seconds.
Begin MonoManager ReloadAssembly
Native extension for WindowsStandalone target not found
Native extension for WebGL target not found
Refreshing native plugins compatible for Editor in 0.61 ms, found 2 plugins.
Preloading 0 native plugins for Editor in 0.00 ms.
Mono: successfully reloaded assembly
- Completed reload, in  1.708 seconds
Domain Reload Profiling:
	ReloadAssembly (1708ms)
		BeginReloadAssembly (165ms)
			ExecutionOrderSort (0ms)
			DisableScriptedObjects (7ms)
			BackupInstance (0ms)
			ReleaseScriptingObjects (0ms)
			CreateAndSetChildDomain (56ms)
		EndReloadAssembly (1441ms)
			LoadAssemblies (133ms)
			RebuildTransferFunctionScriptingTraits (0ms)
			SetupTypeCache (408ms)
			ReleaseScriptCaches (1ms)
			RebuildScriptCaches (77ms)
			SetupLoadedEditorAssemblies (660ms)
				LogAssemblyErrors (0ms)
				InitializePlatformSupportModulesInManaged (13ms)
				SetLoadedEditorAssemblies (1ms)
				RefreshPlugins (1ms)
				BeforeProcessingInitializeOnLoad (130ms)
				ProcessInitializeOnLoadAttributes (498ms)
				ProcessInitializeOnLoadMethodAttributes (7ms)
				AfterProcessingInitializeOnLoad (11ms)
				EditorAssembliesLoaded (0ms)
			ExecutionOrderSort2 (0ms)
			AwakeInstancesAfterBackupRestoration (11ms)
Platform modules already initialized, skipping
Refreshing native plugins compatible for Editor in 0.78 ms, found 2 plugins.
Preloading 0 native plugins for Editor in 0.00 ms.
Unloading 1457 Unused Serialized files (Serialized files now loaded: 0)
System memory in use before: 75.8 MB.
System memory in use after: 75.9 MB.

Unloading 13 unused Assets to reduce memory usage. Loaded Objects now: 1975.
Total: 4.954200 ms (FindLiveObjects: 0.292000 ms CreateObjectMapping: 0.057900 ms MarkObjects: 4.545500 ms  DeleteObjects: 0.056100 ms)

AssetImportParameters requested are different than current active one (requested -> active):
  custom:framework-win-MediaFoundation: 216162199b28c13a410421893ffa2e32 -> 
  custom:video-decoder-ogg-theora: a1e56fd34408186e4bbccfd4996cb3dc -> 
  custom:container-muxer-webm: aa71ff27fc2769a1b78a27578f13a17b -> 
  custom:container-demuxer-webm: 4f35f7cbe854078d1ac9338744f61a02 -> 
  custom:container-demuxer-ogg: 62fdf1f143b41e24485cea50d1cbac27 -> 
  custom:video-encoder-webm-vp8: eb34c28f22e8b96e1ab97ce403110664 -> 
  custom:video-decoder-webm-vp8: 9c59270c3fd7afecdb556c50c9e8de78 -> 
  custom:audio-decoder-ogg-vorbis: bf7c407c2cedff20999df2af8eb42d56 -> 
  custom:audio-encoder-webm-vorbis: bf7c407c2cedff20999df2af8eb42d56 -> 
========================================================================
Received Import Request.
  Time since last request: 530.050269 seconds.
  path: ProjectSettings/TagManager.asset
  artifactKey: Guid(00000000000000003000000000000000) Importer(815301076,1909f56bfc062723c751e8b465ee728b)
Start importing ProjectSettings/TagManager.asset using Guid(00000000000000003000000000000000) Importer(815301076,1909f56bfc062723c751e8b465ee728b)  -> (artifact id: '79d6a1ae59606b342e9feb3c0c207396') in 0.041890 seconds 
  Import took 0.045322 seconds .

========================================================================
Received Import Request.
  Time since last request: 0.006185 seconds.
  path: ProjectSettings/TagManager.asset
  artifactKey: Guid(00000000000000003000000000000000) Importer(815301076,1909f56bfc062723c751e8b465ee728b)
Start importing ProjectSettings/TagManager.asset using Guid(00000000000000003000000000000000) Importer(815301076,1909f56bfc062723c751e8b465ee728b)  -> (artifact id: '79d6a1ae59606b342e9feb3c0c207396') in 0.005950 seconds 
  Import took 0.009381 seconds .

========================================================================
Received Prepare
Registering precompiled user dll's ...
Registered in 0.005863 seconds.
Begin MonoManager ReloadAssembly
Native extension for WindowsStandalone target not found
Native extension for WebGL target not found
Refreshing native plugins compatible for Editor in 0.51 ms, found 2 plugins.
Preloading 0 native plugins for Editor in 0.00 ms.
Mono: successfully reloaded assembly
- Completed reload, in  1.713 seconds
Domain Reload Profiling:
	ReloadAssembly (1714ms)
		BeginReloadAssembly (144ms)
			ExecutionOrderSort (0ms)
			DisableScriptedObjects (6ms)
			BackupInstance (0ms)
			ReleaseScriptingObjects (0ms)
			CreateAndSetChildDomain (41ms)
		EndReloadAssembly (1488ms)
			LoadAssemblies (110ms)
			RebuildTransferFunctionScriptingTraits (0ms)
			SetupTypeCache (454ms)
			ReleaseScriptCaches (1ms)
			RebuildScriptCaches (86ms)
			SetupLoadedEditorAssemblies (634ms)
				LogAssemblyErrors (0ms)
				InitializePlatformSupportModulesInManaged (11ms)
				SetLoadedEditorAssemblies (1ms)
				RefreshPlugins (1ms)
				BeforeProcessingInitializeOnLoad (126ms)
				ProcessInitializeOnLoadAttributes (483ms)
				ProcessInitializeOnLoadMethodAttributes (4ms)
				AfterProcessingInitializeOnLoad (9ms)
				EditorAssembliesLoaded (0ms)
			ExecutionOrderSort2 (0ms)
			AwakeInstancesAfterBackupRestoration (8ms)
Platform modules already initialized, skipping
Refreshing native plugins compatible for Editor in 0.91 ms, found 2 plugins.
Preloading 0 native plugins for Editor in 0.00 ms.
Unloading 1457 Unused Serialized files (Serialized files now loaded: 0)
System memory in use before: 75.9 MB.
System memory in use after: 76.0 MB.

Unloading 15 unused Assets to reduce memory usage. Loaded Objects now: 1977.
Total: 10.551000 ms (FindLiveObjects: 0.409300 ms CreateObjectMapping: 0.052100 ms MarkObjects: 9.924400 ms  DeleteObjects: 0.155500 ms)

AssetImportParameters requested are different than current active one (requested -> active):
  custom:framework-win-MediaFoundation: 216162199b28c13a410421893ffa2e32 -> 
  custom:video-decoder-ogg-theora: a1e56fd34408186e4bbccfd4996cb3dc -> 
  custom:container-muxer-webm: aa71ff27fc2769a1b78a27578f13a17b -> 
  custom:container-demuxer-webm: 4f35f7cbe854078d1ac9338744f61a02 -> 
  custom:container-demuxer-ogg: 62fdf1f143b41e24485cea50d1cbac27 -> 
  custom:video-encoder-webm-vp8: eb34c28f22e8b96e1ab97ce403110664 -> 
  custom:video-decoder-webm-vp8: 9c59270c3fd7afecdb556c50c9e8de78 -> 
  custom:audio-decoder-ogg-vorbis: bf7c407c2cedff20999df2af8eb42d56 -> 
  custom:audio-encoder-webm-vorbis: bf7c407c2cedff20999df2af8eb42d56 -> 
========================================================================
Received Prepare
Registering precompiled user dll's ...
Registered in 0.005884 seconds.
Begin MonoManager ReloadAssembly
Native extension for WindowsStandalone target not found
Native extension for WebGL target not found
Refreshing native plugins compatible for Editor in 0.63 ms, found 2 plugins.
Preloading 0 native plugins for Editor in 0.00 ms.
Mono: successfully reloaded assembly
- Completed reload, in  1.378 seconds
Domain Reload Profiling:
	ReloadAssembly (1378ms)
		BeginReloadAssembly (152ms)
			ExecutionOrderSort (0ms)
			DisableScriptedObjects (6ms)
			BackupInstance (0ms)
			ReleaseScriptingObjects (0ms)
			CreateAndSetChildDomain (48ms)
		EndReloadAssembly (1141ms)
			LoadAssemblies (113ms)
			RebuildTransferFunctionScriptingTraits (0ms)
			SetupTypeCache (322ms)
			ReleaseScriptCaches (1ms)
			RebuildScriptCaches (60ms)
			SetupLoadedEditorAssemblies (533ms)
				LogAssemblyErrors (0ms)
				InitializePlatformSupportModulesInManaged (9ms)
				SetLoadedEditorAssemblies (1ms)
				RefreshPlugins (1ms)
				BeforeProcessingInitializeOnLoad (104ms)
				ProcessInitializeOnLoadAttributes (404ms)
				ProcessInitializeOnLoadMethodAttributes (5ms)
				AfterProcessingInitializeOnLoad (9ms)
				EditorAssembliesLoaded (0ms)
			ExecutionOrderSort2 (0ms)
			AwakeInstancesAfterBackupRestoration (9ms)
Platform modules already initialized, skipping
Refreshing native plugins compatible for Editor in 0.49 ms, found 2 plugins.
Preloading 0 native plugins for Editor in 0.00 ms.
Unloading 1457 Unused Serialized files (Serialized files now loaded: 0)
System memory in use before: 75.8 MB.
System memory in use after: 76.0 MB.

Unloading 13 unused Assets to reduce memory usage. Loaded Objects now: 1979.
Total: 3.720000 ms (FindLiveObjects: 0.224500 ms CreateObjectMapping: 0.044600 ms MarkObjects: 3.427300 ms  DeleteObjects: 0.021900 ms)

AssetImportParameters requested are different than current active one (requested -> active):
  custom:framework-win-MediaFoundation: 216162199b28c13a410421893ffa2e32 -> 
  custom:video-decoder-ogg-theora: a1e56fd34408186e4bbccfd4996cb3dc -> 
  custom:container-muxer-webm: aa71ff27fc2769a1b78a27578f13a17b -> 
  custom:container-demuxer-webm: 4f35f7cbe854078d1ac9338744f61a02 -> 
  custom:container-demuxer-ogg: 62fdf1f143b41e24485cea50d1cbac27 -> 
  custom:video-encoder-webm-vp8: eb34c28f22e8b96e1ab97ce403110664 -> 
  custom:video-decoder-webm-vp8: 9c59270c3fd7afecdb556c50c9e8de78 -> 
  custom:audio-decoder-ogg-vorbis: bf7c407c2cedff20999df2af8eb42d56 -> 
  custom:audio-encoder-webm-vorbis: bf7c407c2cedff20999df2af8eb42d56 -> 
========================================================================
Received Prepare
Registering precompiled user dll's ...
Registered in 0.005115 seconds.
Begin MonoManager ReloadAssembly
Native extension for WindowsStandalone target not found
Native extension for WebGL target not found
Refreshing native plugins compatible for Editor in 0.81 ms, found 2 plugins.
Preloading 0 native plugins for Editor in 0.00 ms.
Mono: successfully reloaded assembly
- Completed reload, in  1.369 seconds
Domain Reload Profiling:
	ReloadAssembly (1369ms)
		BeginReloadAssembly (140ms)
			ExecutionOrderSort (0ms)
			DisableScriptedObjects (7ms)
			BackupInstance (0ms)
			ReleaseScriptingObjects (0ms)
			CreateAndSetChildDomain (46ms)
		EndReloadAssembly (1145ms)
			LoadAssemblies (112ms)
			RebuildTransferFunctionScriptingTraits (0ms)
			SetupTypeCache (326ms)
			ReleaseScriptCaches (1ms)
			RebuildScriptCaches (59ms)
			SetupLoadedEditorAssemblies (530ms)
				LogAssemblyErrors (0ms)
				InitializePlatformSupportModulesInManaged (10ms)
				SetLoadedEditorAssemblies (1ms)
				RefreshPlugins (1ms)
				BeforeProcessingInitializeOnLoad (120ms)
				ProcessInitializeOnLoadAttributes (385ms)
				ProcessInitializeOnLoadMethodAttributes (4ms)
				AfterProcessingInitializeOnLoad (9ms)
				EditorAssembliesLoaded (0ms)
			ExecutionOrderSort2 (0ms)
			AwakeInstancesAfterBackupRestoration (8ms)
Platform modules already initialized, skipping
Refreshing native plugins compatible for Editor in 0.52 ms, found 2 plugins.
Preloading 0 native plugins for Editor in 0.00 ms.
Unloading 1457 Unused Serialized files (Serialized files now loaded: 0)
System memory in use before: 75.9 MB.
System memory in use after: 76.0 MB.

Unloading 13 unused Assets to reduce memory usage. Loaded Objects now: 1981.
Total: 3.837000 ms (FindLiveObjects: 0.218100 ms CreateObjectMapping: 0.044400 ms MarkObjects: 3.550300 ms  DeleteObjects: 0.022200 ms)

AssetImportParameters requested are different than current active one (requested -> active):
  custom:framework-win-MediaFoundation: 216162199b28c13a410421893ffa2e32 -> 
  custom:video-decoder-ogg-theora: a1e56fd34408186e4bbccfd4996cb3dc -> 
  custom:container-muxer-webm: aa71ff27fc2769a1b78a27578f13a17b -> 
  custom:container-demuxer-webm: 4f35f7cbe854078d1ac9338744f61a02 -> 
  custom:container-demuxer-ogg: 62fdf1f143b41e24485cea50d1cbac27 -> 
  custom:video-encoder-webm-vp8: eb34c28f22e8b96e1ab97ce403110664 -> 
  custom:video-decoder-webm-vp8: 9c59270c3fd7afecdb556c50c9e8de78 -> 
  custom:audio-decoder-ogg-vorbis: bf7c407c2cedff20999df2af8eb42d56 -> 
  custom:audio-encoder-webm-vorbis: bf7c407c2cedff20999df2af8eb42d56 -> 
========================================================================
Received Prepare
Registering precompiled user dll's ...
Registered in 0.005044 seconds.
Begin MonoManager ReloadAssembly
Native extension for WindowsStandalone target not found
Native extension for WebGL target not found
Refreshing native plugins compatible for Editor in 0.47 ms, found 2 plugins.
Preloading 0 native plugins for Editor in 0.00 ms.
Mono: successfully reloaded assembly
- Completed reload, in  1.344 seconds
Domain Reload Profiling:
	ReloadAssembly (1344ms)
		BeginReloadAssembly (146ms)
			ExecutionOrderSort (0ms)
			DisableScriptedObjects (5ms)
			BackupInstance (0ms)
			ReleaseScriptingObjects (0ms)
			CreateAndSetChildDomain (46ms)
		EndReloadAssembly (1119ms)
			LoadAssemblies (114ms)
			RebuildTransferFunctionScriptingTraits (0ms)
			SetupTypeCache (310ms)
			ReleaseScriptCaches (1ms)
			RebuildScriptCaches (57ms)
			SetupLoadedEditorAssemblies (516ms)
				LogAssemblyErrors (0ms)
				InitializePlatformSupportModulesInManaged (10ms)
				SetLoadedEditorAssemblies (1ms)
				RefreshPlugins (1ms)
				BeforeProcessingInitializeOnLoad (102ms)
				ProcessInitializeOnLoadAttributes (389ms)
				ProcessInitializeOnLoadMethodAttributes (4ms)
				AfterProcessingInitializeOnLoad (10ms)
				EditorAssembliesLoaded (1ms)
			ExecutionOrderSort2 (0ms)
			AwakeInstancesAfterBackupRestoration (9ms)
Platform modules already initialized, skipping
Refreshing native plugins compatible for Editor in 0.56 ms, found 2 plugins.
Preloading 0 native plugins for Editor in 0.00 ms.
Unloading 1457 Unused Serialized files (Serialized files now loaded: 0)
System memory in use before: 75.9 MB.
System memory in use after: 76.0 MB.

Unloading 13 unused Assets to reduce memory usage. Loaded Objects now: 1983.
Total: 3.929400 ms (FindLiveObjects: 0.216800 ms CreateObjectMapping: 0.045100 ms MarkObjects: 3.641000 ms  DeleteObjects: 0.024500 ms)

AssetImportParameters requested are different than current active one (requested -> active):
  custom:framework-win-MediaFoundation: 216162199b28c13a410421893ffa2e32 -> 
  custom:video-decoder-ogg-theora: a1e56fd34408186e4bbccfd4996cb3dc -> 
  custom:container-muxer-webm: aa71ff27fc2769a1b78a27578f13a17b -> 
  custom:container-demuxer-webm: 4f35f7cbe854078d1ac9338744f61a02 -> 
  custom:container-demuxer-ogg: 62fdf1f143b41e24485cea50d1cbac27 -> 
  custom:video-encoder-webm-vp8: eb34c28f22e8b96e1ab97ce403110664 -> 
  custom:video-decoder-webm-vp8: 9c59270c3fd7afecdb556c50c9e8de78 -> 
  custom:audio-decoder-ogg-vorbis: bf7c407c2cedff20999df2af8eb42d56 -> 
  custom:audio-encoder-webm-vorbis: bf7c407c2cedff20999df2af8eb42d56 -> 
